\BOOKMARK [1][-]{section.1}{\376\377\000I\000n\000t\000r\000o\000d\000u\000c\000t\000i\000o\000n}{}% 1
\BOOKMARK [1][-]{section.2}{\376\377\000B\000a\000c\000k\000g\000r\000o\000u\000n\000d}{}% 2
\BOOKMARK [1][-]{section.3}{\376\377\000D\000a\000t\000a}{}% 3
\BOOKMARK [2][-]{subsection.3.1}{\376\377\000P\000r\000i\000m\000a\000r\000y\000\040\000D\000a\000t\000a\000s\000e\000t}{section.3}% 4
\BOOKMARK [2][-]{subsection.3.2}{\376\377\000M\000i\000s\000s\000i\000n\000g\000\040\000V\000a\000l\000u\000e\000s}{section.3}% 5
\BOOKMARK [2][-]{subsection.3.3}{\376\377\000O\000t\000h\000e\000r\000\040\000D\000a\000t\000a}{section.3}% 6
\BOOKMARK [1][-]{section.4}{\376\377\000M\000e\000t\000h\000o\000d\000s}{}% 7
\BOOKMARK [2][-]{subsection.4.1}{\376\377\000D\000a\000t\000a\000\040\000E\000x\000p\000l\000o\000r\000a\000t\000i\000o\000n}{section.4}% 8
\BOOKMARK [2][-]{subsection.4.2}{\376\377\000C\000l\000u\000s\000t\000e\000r\000i\000n\000g\000\040\000T\000e\000n\000d\000e\000n\000c\000y}{section.4}% 9
\BOOKMARK [2][-]{subsection.4.3}{\376\377\000Q\000u\000i\000n\000t\000i\000l\000e\000s}{section.4}% 10
\BOOKMARK [2][-]{subsection.4.4}{\376\377\000M\000i\000n\000i\000m\000a\000\040\000I\000d\000e\000n\000t\000i\000f\000i\000c\000a\000t\000i\000o\000n}{section.4}% 11
\BOOKMARK [2][-]{subsection.4.5}{\376\377\000C\000l\000u\000s\000t\000e\000r\000i\000n\000g}{section.4}% 12
\BOOKMARK [1][-]{section.5}{\376\377\000R\000e\000s\000u\000l\000t\000s}{}% 13
\BOOKMARK [2][-]{subsection.5.1}{\376\377\000D\000a\000t\000a\000\040\000E\000x\000p\000l\000o\000r\000a\000t\000i\000o\000n}{section.5}% 14
\BOOKMARK [2][-]{subsection.5.2}{\376\377\000C\000l\000u\000s\000t\000e\000r\000i\000n\000g\000\040\000T\000e\000n\000d\000e\000n\000c\000y}{section.5}% 15
\BOOKMARK [2][-]{subsection.5.3}{\376\377\000Q\000u\000i\000n\000t\000i\000l\000e\000s}{section.5}% 16
\BOOKMARK [2][-]{subsection.5.4}{\376\377\000M\000i\000n\000i\000m\000a\000\040\000I\000d\000e\000n\000t\000i\000f\000i\000c\000a\000t\000i\000o\000n}{section.5}% 17
\BOOKMARK [2][-]{subsection.5.5}{\376\377\000C\000l\000u\000s\000t\000e\000r\000i\000n\000g}{section.5}% 18
\BOOKMARK [1][-]{section.6}{\376\377\000D\000i\000s\000c\000u\000s\000s\000i\000o\000n}{}% 19
\BOOKMARK [2][-]{subsection.6.1}{\376\377\000C\000o\000m\000p\000a\000r\000i\000s\000o\000n\000\040\000o\000f\000\040\000A\000p\000p\000r\000o\000a\000c\000h\000e\000s}{section.6}% 20
\BOOKMARK [2][-]{subsection.6.2}{\376\377\000I\000n\000t\000e\000r\000p\000r\000e\000t\000a\000t\000i\000o\000n\000\040\000o\000f\000\040\000C\000l\000u\000s\000t\000e\000r\000\040\000P\000r\000o\000f\000i\000l\000e\000s}{section.6}% 21
\BOOKMARK [1][-]{section.7}{\376\377\000L\000i\000m\000i\000t\000a\000t\000i\000o\000n\000s}{}% 22
\BOOKMARK [1][-]{section.8}{\376\377\000F\000u\000t\000u\000r\000e\000\040\000W\000o\000r\000k}{}% 23
\BOOKMARK [1][-]{section.9}{\376\377\000C\000o\000n\000c\000l\000u\000s\000i\000o\000n}{}% 24
\BOOKMARK [1][-]{section.10}{\376\377\000R\000e\000f\000e\000r\000e\000n\000c\000e\000s}{}% 25
\BOOKMARK [1][-]{appendix.A}{\376\377\000A\000p\000p\000e\000n\000d\000i\000x}{}% 26
\BOOKMARK [2][-]{subsection.A.1}{\376\377\000S\000u\000c\000c\000e\000s\000s\000f\000u\000l\000\040\000M\000e\000t\000h\000o\000d\000s}{appendix.A}% 27
\BOOKMARK [2][-]{subsection.A.2}{\376\377\000U\000n\000s\000u\000c\000c\000e\000s\000s\000f\000u\000l\000\040\000M\000e\000t\000h\000o\000d\000s}{appendix.A}% 28
\BOOKMARK [2][-]{subsection.A.3}{\376\377\000E\000x\000t\000r\000a\000\040\000P\000l\000o\000t\000s\000\040\000a\000n\000d\000\040\000T\000a\000b\000l\000e\000s}{appendix.A}% 29
